2025-11-09 15:01:41,827 - INFO - ============================================================
2025-11-09 15:01:41,828 - INFO - TAREA 2 - PARTE 2: APRENDIZAJE SUPERVISADO
2025-11-09 15:01:41,828 - INFO - Inicio: 2025-11-09 15:01:41
2025-11-09 15:01:41,828 - INFO - ============================================================
2025-11-09 15:01:41,828 - INFO - ============================================================
2025-11-09 15:01:41,829 - INFO - CARGANDO DATASET
2025-11-09 15:01:41,829 - INFO - ============================================================
2025-11-09 15:01:41,829 - INFO - Descargando dataset MNIST...
2025-11-09 15:01:46,034 - INFO - Tomando muestra de 15,000 registros...
2025-11-09 15:01:46,143 - INFO - Dataset cargado: 15000 filas, 784 columnas
2025-11-09 15:01:46,144 - INFO - Clases únicas: [np.int64(0), np.int64(1), np.int64(2), np.int64(3), np.int64(4), np.int64(5), np.int64(6), np.int64(7), np.int64(8), np.int64(9)]
2025-11-09 15:01:46,205 - INFO - 
============================================================
2025-11-09 15:01:46,205 - INFO - PREPARACIÓN DE DATOS
2025-11-09 15:01:46,206 - INFO - ============================================================
2025-11-09 15:01:46,274 - INFO - Train set: 12000 muestras (80%)
2025-11-09 15:01:46,275 - INFO - Test set: 3000 muestras (20%)
2025-11-09 15:01:46,275 - INFO - Normalizando datos con StandardScaler...
2025-11-09 15:01:46,562 - INFO - Media train: -0.0000, Std train: 0.9327
2025-11-09 15:01:46,572 - INFO - 
Configuraciones cargadas:
2025-11-09 15:01:46,573 - INFO -   Regresión Logística: 3 configs
2025-11-09 15:01:46,573 - INFO -   SVM: 3 configs
2025-11-09 15:01:46,573 - INFO - 
============================================================
2025-11-09 15:01:46,573 - INFO - ENTRENAMIENTO CON ELIMINACIÓN PROGRESIVA
2025-11-09 15:01:46,573 - INFO - ============================================================
2025-11-09 15:01:46,574 - INFO - Creado: LR_config_1 (Regresión Logística)
2025-11-09 15:01:46,574 - INFO - Creado: LR_config_2 (Regresión Logística)
2025-11-09 15:01:46,574 - INFO - Creado: LR_config_3 (Regresión Logística)
2025-11-09 15:01:46,574 - INFO - Creado: SVM_config_1 (SVM)
2025-11-09 15:01:46,574 - INFO - Creado: SVM_config_2 (SVM)
2025-11-09 15:01:46,575 - INFO - Creado: SVM_config_3 (SVM)
2025-11-09 15:01:46,575 - INFO - 
Total de configuraciones: 6
2025-11-09 15:01:46,575 - INFO - Épocas totales: 50
2025-11-09 15:01:46,575 - INFO - Evaluación cada: 5 épocas
2025-11-09 15:01:46,576 - INFO - 
============================================================
2025-11-09 15:01:46,576 - INFO - ÉPOCA 1/50
2025-11-09 15:01:46,576 - INFO - ============================================================
2025-11-09 15:01:46,577 - INFO - Modelos activos: 6
2025-11-09 15:01:54,998 - INFO -   ✓ LR_config_1: 0.9894
2025-11-09 15:01:55,503 - INFO -   ✓ LR_config_3: 0.9998
2025-11-09 15:02:19,722 - INFO -   ✓ SVM_config_2: 0.9071
2025-11-09 15:02:40,082 - INFO -   ✓ SVM_config_3: 0.9894
2025-11-09 15:02:42,008 - INFO -   ✓ SVM_config_1: 0.9654
2025-11-09 15:02:43,577 - INFO -   ✓ LR_config_2: 0.9356
2025-11-09 15:02:43,875 - INFO - 
============================================================
2025-11-09 15:02:43,876 - INFO - ÉPOCA 2/50
2025-11-09 15:02:43,876 - INFO - ============================================================
2025-11-09 15:02:43,876 - INFO - Modelos activos: 6
2025-11-09 15:02:50,937 - INFO -   ✓ LR_config_1: 0.9894
2025-11-09 15:02:51,579 - INFO -   ✓ LR_config_3: 0.9998
2025-11-09 15:03:15,978 - INFO -   ✓ SVM_config_2: 0.9071
2025-11-09 15:03:32,523 - INFO -   ✓ SVM_config_3: 0.9894
2025-11-09 15:03:34,830 - INFO -   ✓ SVM_config_1: 0.9654
2025-11-09 15:03:38,179 - INFO -   ✓ LR_config_2: 0.9356
2025-11-09 15:03:38,443 - INFO - 
============================================================
2025-11-09 15:03:38,443 - INFO - ÉPOCA 3/50
2025-11-09 15:03:38,443 - INFO - ============================================================
2025-11-09 15:03:38,444 - INFO - Modelos activos: 6
2025-11-09 15:03:44,504 - INFO -   ✓ LR_config_1: 0.9894
2025-11-09 15:03:45,110 - INFO -   ✓ LR_config_3: 0.9998
2025-11-09 15:04:08,711 - INFO -   ✓ SVM_config_2: 0.9071
2025-11-09 15:04:27,988 - INFO -   ✓ SVM_config_3: 0.9894
2025-11-09 15:04:30,906 - INFO -   ✓ SVM_config_1: 0.9654
2025-11-09 15:04:32,167 - INFO -   ✓ LR_config_2: 0.9356
2025-11-09 15:04:32,432 - INFO - 
============================================================
2025-11-09 15:04:32,432 - INFO - ÉPOCA 4/50
2025-11-09 15:04:32,432 - INFO - ============================================================
2025-11-09 15:04:32,433 - INFO - Modelos activos: 6
2025-11-09 15:04:38,609 - INFO -   ✓ LR_config_1: 0.9894
2025-11-09 15:04:39,143 - INFO -   ✓ LR_config_3: 0.9998
2025-11-09 15:05:01,306 - INFO -   ✓ SVM_config_2: 0.9071
2025-11-09 15:05:17,509 - INFO -   ✓ SVM_config_3: 0.9894
2025-11-09 15:05:20,722 - INFO -   ✓ SVM_config_1: 0.9654
2025-11-09 15:05:21,829 - INFO -   ✓ LR_config_2: 0.9356
2025-11-09 15:05:22,111 - INFO - 
============================================================
2025-11-09 15:05:22,112 - INFO - ÉPOCA 5/50
2025-11-09 15:05:22,112 - INFO - ============================================================
2025-11-09 15:05:22,112 - INFO - Modelos activos: 6
2025-11-09 15:05:28,092 - INFO -   ✓ LR_config_1: 0.9894
2025-11-09 15:05:28,606 - INFO -   ✓ LR_config_3: 0.9998
2025-11-09 15:05:50,489 - INFO -   ✓ SVM_config_2: 0.9071
2025-11-09 15:06:07,204 - INFO -   ✓ SVM_config_3: 0.9894
2025-11-09 15:06:09,334 - INFO -   ✓ SVM_config_1: 0.9654
2025-11-09 15:06:11,665 - INFO -   ✓ LR_config_2: 0.9356
2025-11-09 15:06:11,948 - INFO - 
  Evaluando para eliminación...
2025-11-09 15:06:11,949 - INFO -   ❌ Eliminado: SVM_config_2 (accuracy: 0.9071)
2025-11-09 15:06:11,949 - INFO -   Modelos restantes: 5
2025-11-09 15:06:11,949 - INFO - 
============================================================
2025-11-09 15:06:11,950 - INFO - ÉPOCA 6/50
2025-11-09 15:06:11,950 - INFO - ============================================================
2025-11-09 15:06:11,950 - INFO - Modelos activos: 5
2025-11-09 15:06:17,828 - INFO -   ✓ LR_config_1: 0.9894
2025-11-09 15:06:18,413 - INFO -   ✓ LR_config_3: 0.9998
2025-11-09 15:06:51,210 - INFO -   ✓ SVM_config_3: 0.9894
2025-11-09 15:06:55,299 - INFO -   ✓ SVM_config_1: 0.9654
2025-11-09 15:06:57,353 - INFO -   ✓ LR_config_2: 0.9356
2025-11-09 15:06:57,611 - INFO - 
============================================================
2025-11-09 15:06:57,611 - INFO - ÉPOCA 7/50
2025-11-09 15:06:57,611 - INFO - ============================================================
2025-11-09 15:06:57,611 - INFO - Modelos activos: 5
2025-11-09 15:07:03,539 - INFO -   ✓ LR_config_1: 0.9894
2025-11-09 15:07:04,122 - INFO -   ✓ LR_config_3: 0.9998
2025-11-09 15:07:37,319 - INFO -   ✓ SVM_config_3: 0.9894
2025-11-09 15:07:40,566 - INFO -   ✓ SVM_config_1: 0.9654
2025-11-09 15:07:42,668 - INFO -   ✓ LR_config_2: 0.9356
2025-11-09 15:07:42,958 - INFO - 
============================================================
2025-11-09 15:07:42,958 - INFO - ÉPOCA 8/50
2025-11-09 15:07:42,958 - INFO - ============================================================
2025-11-09 15:07:42,959 - INFO - Modelos activos: 5
2025-11-09 15:07:48,927 - INFO -   ✓ LR_config_1: 0.9894
2025-11-09 15:07:49,455 - INFO -   ✓ LR_config_3: 0.9998
2025-11-09 15:08:24,736 - INFO -   ✓ SVM_config_3: 0.9894
2025-11-09 15:08:26,151 - INFO -   ✓ SVM_config_1: 0.9654
2025-11-09 15:08:28,926 - INFO -   ✓ LR_config_2: 0.9356
2025-11-09 15:08:29,209 - INFO - 
============================================================
2025-11-09 15:08:29,209 - INFO - ÉPOCA 9/50
2025-11-09 15:08:29,209 - INFO - ============================================================
2025-11-09 15:08:29,209 - INFO - Modelos activos: 5
2025-11-09 15:08:35,301 - INFO -   ✓ LR_config_1: 0.9894
2025-11-09 15:08:35,817 - INFO -   ✓ LR_config_3: 0.9998
2025-11-09 15:09:09,321 - INFO -   ✓ SVM_config_3: 0.9894
2025-11-09 15:09:11,557 - INFO -   ✓ SVM_config_1: 0.9654
2025-11-09 15:09:14,559 - INFO -   ✓ LR_config_2: 0.9356
2025-11-09 15:09:14,819 - INFO - 
============================================================
2025-11-09 15:09:14,819 - INFO - ÉPOCA 10/50
2025-11-09 15:09:14,820 - INFO - ============================================================
2025-11-09 15:09:14,820 - INFO - Modelos activos: 5
2025-11-09 15:09:20,759 - INFO -   ✓ LR_config_1: 0.9894
2025-11-09 15:09:21,273 - INFO -   ✓ LR_config_3: 0.9998
2025-11-09 15:09:56,321 - INFO -   ✓ SVM_config_3: 0.9894
2025-11-09 15:09:59,005 - INFO -   ✓ SVM_config_1: 0.9654
2025-11-09 15:10:00,877 - INFO -   ✓ LR_config_2: 0.9356
2025-11-09 15:10:01,150 - INFO - 
  Evaluando para eliminación...
2025-11-09 15:10:01,150 - INFO -   ❌ Eliminado: LR_config_2 (accuracy: 0.9356)
2025-11-09 15:10:01,150 - INFO -   Modelos restantes: 4
2025-11-09 15:10:01,150 - INFO - 
============================================================
2025-11-09 15:10:01,150 - INFO - ÉPOCA 11/50
2025-11-09 15:10:01,151 - INFO - ============================================================
2025-11-09 15:10:01,151 - INFO - Modelos activos: 4
2025-11-09 15:10:07,420 - INFO -   ✓ LR_config_1: 0.9894
2025-11-09 15:10:07,635 - INFO -   ✓ LR_config_3: 0.9998
2025-11-09 15:10:36,429 - INFO -   ✓ SVM_config_3: 0.9894
2025-11-09 15:10:39,437 - INFO -   ✓ SVM_config_1: 0.9654
2025-11-09 15:10:39,695 - INFO - 
============================================================
2025-11-09 15:10:39,695 - INFO - ÉPOCA 12/50
2025-11-09 15:10:39,695 - INFO - ============================================================
2025-11-09 15:10:39,695 - INFO - Modelos activos: 4
2025-11-09 15:10:45,777 - INFO -   ✓ LR_config_1: 0.9894
2025-11-09 15:10:45,979 - INFO -   ✓ LR_config_3: 0.9998
2025-11-09 15:11:15,958 - INFO -   ✓ SVM_config_3: 0.9894
2025-11-09 15:11:18,516 - INFO -   ✓ SVM_config_1: 0.9654
2025-11-09 15:11:18,779 - INFO - 
============================================================
2025-11-09 15:11:18,779 - INFO - ÉPOCA 13/50
2025-11-09 15:11:18,779 - INFO - ============================================================
2025-11-09 15:11:18,780 - INFO - Modelos activos: 4
2025-11-09 15:11:24,971 - INFO -   ✓ LR_config_1: 0.9894
2025-11-09 15:11:25,162 - INFO -   ✓ LR_config_3: 0.9998
2025-11-09 15:11:54,438 - INFO -   ✓ SVM_config_3: 0.9894
2025-11-09 15:11:58,688 - INFO -   ✓ SVM_config_1: 0.9654
2025-11-09 15:11:58,975 - INFO - 
============================================================
2025-11-09 15:11:58,976 - INFO - ÉPOCA 14/50
2025-11-09 15:11:58,976 - INFO - ============================================================
2025-11-09 15:11:58,976 - INFO - Modelos activos: 4
2025-11-09 15:12:05,758 - INFO -   ✓ LR_config_1: 0.9894
2025-11-09 15:12:06,022 - INFO -   ✓ LR_config_3: 0.9998
2025-11-09 15:12:37,089 - INFO -   ✓ SVM_config_3: 0.9894
2025-11-09 15:12:39,015 - INFO -   ✓ SVM_config_1: 0.9654
2025-11-09 15:12:39,287 - INFO - 
============================================================
2025-11-09 15:12:39,287 - INFO - ÉPOCA 15/50
2025-11-09 15:12:39,287 - INFO - ============================================================
2025-11-09 15:12:39,288 - INFO - Modelos activos: 4
2025-11-09 15:12:45,533 - INFO -   ✓ LR_config_1: 0.9894
2025-11-09 15:12:45,735 - INFO -   ✓ LR_config_3: 0.9998
2025-11-09 15:13:15,304 - INFO -   ✓ SVM_config_3: 0.9894
2025-11-09 15:13:18,321 - INFO -   ✓ SVM_config_1: 0.9654
2025-11-09 15:13:18,592 - INFO - 
  Evaluando para eliminación...
2025-11-09 15:13:18,592 - INFO -   ❌ Eliminado: SVM_config_1 (accuracy: 0.9654)
2025-11-09 15:13:18,592 - INFO -   Modelos restantes: 3
2025-11-09 15:13:18,593 - INFO - 
============================================================
2025-11-09 15:13:18,593 - INFO - ÉPOCA 16/50
2025-11-09 15:13:18,593 - INFO - ============================================================
2025-11-09 15:13:18,593 - INFO - Modelos activos: 3
2025-11-09 15:13:24,413 - INFO -   ✓ LR_config_1: 0.9894
2025-11-09 15:13:24,578 - INFO -   ✓ LR_config_3: 0.9998
2025-11-09 15:13:47,237 - INFO -   ✓ SVM_config_3: 0.9894
2025-11-09 15:13:47,509 - INFO - 
============================================================
2025-11-09 15:13:47,509 - INFO - ÉPOCA 17/50
2025-11-09 15:13:47,509 - INFO - ============================================================
2025-11-09 15:13:47,509 - INFO - Modelos activos: 3
2025-11-09 15:13:53,230 - INFO -   ✓ LR_config_1: 0.9894
2025-11-09 15:13:53,422 - INFO -   ✓ LR_config_3: 0.9998
2025-11-09 15:14:18,062 - INFO -   ✓ SVM_config_3: 0.9894
2025-11-09 15:14:18,312 - INFO - 
============================================================
2025-11-09 15:14:18,312 - INFO - ÉPOCA 18/50
2025-11-09 15:14:18,312 - INFO - ============================================================
2025-11-09 15:14:18,313 - INFO - Modelos activos: 3
2025-11-09 15:14:23,985 - INFO -   ✓ LR_config_1: 0.9894
2025-11-09 15:14:24,136 - INFO -   ✓ LR_config_3: 0.9998
2025-11-09 15:14:47,011 - INFO -   ✓ SVM_config_3: 0.9894
2025-11-09 15:14:47,253 - INFO - 
============================================================
2025-11-09 15:14:47,254 - INFO - ÉPOCA 19/50
2025-11-09 15:14:47,254 - INFO - ============================================================
2025-11-09 15:14:47,254 - INFO - Modelos activos: 3
2025-11-09 15:14:53,177 - INFO -   ✓ LR_config_1: 0.9894
2025-11-09 15:14:53,380 - INFO -   ✓ LR_config_3: 0.9998
2025-11-09 15:15:16,076 - INFO -   ✓ SVM_config_3: 0.9894
2025-11-09 15:15:16,325 - INFO - 
============================================================
2025-11-09 15:15:16,326 - INFO - ÉPOCA 20/50
2025-11-09 15:15:16,326 - INFO - ============================================================
2025-11-09 15:15:16,326 - INFO - Modelos activos: 3
2025-11-09 15:15:22,197 - INFO -   ✓ LR_config_1: 0.9894
2025-11-09 15:15:22,435 - INFO -   ✓ LR_config_3: 0.9998
2025-11-09 15:15:50,378 - INFO -   ✓ SVM_config_3: 0.9894
2025-11-09 15:15:50,686 - INFO - 
  Evaluando para eliminación...
2025-11-09 15:15:50,687 - INFO -   ❌ Eliminado: LR_config_1 (accuracy: 0.9894)
2025-11-09 15:15:50,687 - INFO -   Modelos restantes: 2
2025-11-09 15:15:50,687 - INFO - 
============================================================
2025-11-09 15:15:50,687 - INFO - ÉPOCA 21/50
2025-11-09 15:15:50,688 - INFO - ============================================================
2025-11-09 15:15:50,688 - INFO - Modelos activos: 2
2025-11-09 15:15:55,911 - INFO -   ✓ LR_config_3: 0.9998
2025-11-09 15:16:26,735 - INFO -   ✓ SVM_config_3: 0.9894
2025-11-09 15:16:26,973 - INFO - 
============================================================
2025-11-09 15:16:26,974 - INFO - ÉPOCA 22/50
2025-11-09 15:16:26,974 - INFO - ============================================================
2025-11-09 15:16:26,974 - INFO - Modelos activos: 2
2025-11-09 15:16:31,727 - INFO -   ✓ LR_config_3: 0.9998
2025-11-09 15:17:08,072 - INFO -   ✓ SVM_config_3: 0.9894
2025-11-09 15:17:08,428 - INFO - 
============================================================
2025-11-09 15:17:08,429 - INFO - ÉPOCA 23/50
2025-11-09 15:17:08,430 - INFO - ============================================================
2025-11-09 15:17:08,430 - INFO - Modelos activos: 2
2025-11-09 15:17:14,950 - INFO -   ✓ LR_config_3: 0.9998
2025-11-09 15:17:43,668 - INFO -   ✓ SVM_config_3: 0.9894
2025-11-09 15:17:43,912 - INFO - 
============================================================
2025-11-09 15:17:43,913 - INFO - ÉPOCA 24/50
2025-11-09 15:17:43,913 - INFO - ============================================================
2025-11-09 15:17:43,913 - INFO - Modelos activos: 2
2025-11-09 15:17:48,406 - INFO -   ✓ LR_config_3: 0.9998
2025-11-09 15:18:17,437 - INFO -   ✓ SVM_config_3: 0.9894
2025-11-09 15:18:17,698 - INFO - 
============================================================
2025-11-09 15:18:17,699 - INFO - ÉPOCA 25/50
2025-11-09 15:18:17,699 - INFO - ============================================================
2025-11-09 15:18:17,699 - INFO - Modelos activos: 2
2025-11-09 15:18:22,803 - INFO -   ✓ LR_config_3: 0.9998
2025-11-09 15:18:50,516 - INFO -   ✓ SVM_config_3: 0.9894
2025-11-09 15:18:50,758 - INFO - 
============================================================
2025-11-09 15:18:50,758 - INFO - ÉPOCA 26/50
2025-11-09 15:18:50,758 - INFO - ============================================================
2025-11-09 15:18:50,758 - INFO - Modelos activos: 2
2025-11-09 15:18:55,645 - INFO -   ✓ LR_config_3: 0.9998
2025-11-09 15:19:23,424 - INFO -   ✓ SVM_config_3: 0.9894
2025-11-09 15:19:23,657 - INFO - 
============================================================
2025-11-09 15:19:23,658 - INFO - ÉPOCA 27/50
2025-11-09 15:19:23,658 - INFO - ============================================================
2025-11-09 15:19:23,658 - INFO - Modelos activos: 2
2025-11-09 15:19:28,230 - INFO -   ✓ LR_config_3: 0.9998
2025-11-09 15:19:54,832 - INFO -   ✓ SVM_config_3: 0.9894
2025-11-09 15:19:55,082 - INFO - 
============================================================
2025-11-09 15:19:55,082 - INFO - ÉPOCA 28/50
2025-11-09 15:19:55,083 - INFO - ============================================================
2025-11-09 15:19:55,083 - INFO - Modelos activos: 2
2025-11-09 15:19:59,778 - INFO -   ✓ LR_config_3: 0.9998
2025-11-09 15:20:26,512 - INFO -   ✓ SVM_config_3: 0.9894
2025-11-09 15:20:26,733 - INFO - 
============================================================
2025-11-09 15:20:26,733 - INFO - ÉPOCA 29/50
2025-11-09 15:20:26,733 - INFO - ============================================================
2025-11-09 15:20:26,734 - INFO - Modelos activos: 2
2025-11-09 15:20:31,344 - INFO -   ✓ LR_config_3: 0.9998
2025-11-09 15:20:58,472 - INFO -   ✓ SVM_config_3: 0.9894
2025-11-09 15:20:58,705 - INFO - 
============================================================
2025-11-09 15:20:58,706 - INFO - ÉPOCA 30/50
2025-11-09 15:20:58,706 - INFO - ============================================================
2025-11-09 15:20:58,706 - INFO - Modelos activos: 2
2025-11-09 15:21:02,808 - INFO -   ✓ LR_config_3: 0.9998
2025-11-09 15:21:26,316 - INFO -   ✓ SVM_config_3: 0.9894
2025-11-09 15:21:26,534 - INFO - 
============================================================
2025-11-09 15:21:26,535 - INFO - ÉPOCA 31/50
2025-11-09 15:21:26,535 - INFO - ============================================================
2025-11-09 15:21:26,535 - INFO - Modelos activos: 2
2025-11-09 15:21:30,674 - INFO -   ✓ LR_config_3: 0.9998
2025-11-09 15:22:02,442 - INFO -   ✓ SVM_config_3: 0.9894
2025-11-09 15:22:02,721 - INFO - 
============================================================
2025-11-09 15:22:02,721 - INFO - ÉPOCA 32/50
2025-11-09 15:22:02,722 - INFO - ============================================================
2025-11-09 15:22:02,722 - INFO - Modelos activos: 2
2025-11-09 15:22:08,332 - INFO -   ✓ LR_config_3: 0.9998
2025-11-09 15:22:40,170 - INFO -   ✓ SVM_config_3: 0.9894
2025-11-09 15:22:40,362 - INFO - 
============================================================
2025-11-09 15:22:40,362 - INFO - ÉPOCA 33/50
2025-11-09 15:22:40,362 - INFO - ============================================================
2025-11-09 15:22:40,363 - INFO - Modelos activos: 2
2025-11-09 15:22:43,929 - INFO -   ✓ LR_config_3: 0.9998
2025-11-09 15:23:05,748 - INFO -   ✓ SVM_config_3: 0.9894
2025-11-09 15:23:05,935 - INFO - 
============================================================
2025-11-09 15:23:05,935 - INFO - ÉPOCA 34/50
2025-11-09 15:23:05,935 - INFO - ============================================================
2025-11-09 15:23:05,935 - INFO - Modelos activos: 2
2025-11-09 15:23:09,911 - INFO -   ✓ LR_config_3: 0.9998
2025-11-09 15:23:35,858 - INFO -   ✓ SVM_config_3: 0.9894
2025-11-09 15:23:36,053 - INFO - 
============================================================
2025-11-09 15:23:36,053 - INFO - ÉPOCA 35/50
2025-11-09 15:23:36,054 - INFO - ============================================================
2025-11-09 15:23:36,054 - INFO - Modelos activos: 2
2025-11-09 15:23:40,083 - INFO -   ✓ LR_config_3: 0.9998
2025-11-09 15:24:07,358 - INFO -   ✓ SVM_config_3: 0.9894
2025-11-09 15:24:07,569 - INFO - 
============================================================
2025-11-09 15:24:07,569 - INFO - ÉPOCA 36/50
2025-11-09 15:24:07,569 - INFO - ============================================================
2025-11-09 15:24:07,569 - INFO - Modelos activos: 2
2025-11-09 15:24:11,617 - INFO -   ✓ LR_config_3: 0.9998
2025-11-09 15:24:34,998 - INFO -   ✓ SVM_config_3: 0.9894
2025-11-09 15:24:35,225 - INFO - 
============================================================
2025-11-09 15:24:35,226 - INFO - ÉPOCA 37/50
2025-11-09 15:24:35,226 - INFO - ============================================================
2025-11-09 15:24:35,227 - INFO - Modelos activos: 2
2025-11-09 15:24:39,265 - INFO -   ✓ LR_config_3: 0.9998
2025-11-09 15:24:59,418 - INFO -   ✓ SVM_config_3: 0.9894
2025-11-09 15:24:59,635 - INFO - 
============================================================
2025-11-09 15:24:59,635 - INFO - ÉPOCA 38/50
2025-11-09 15:24:59,635 - INFO - ============================================================
2025-11-09 15:24:59,636 - INFO - Modelos activos: 2
2025-11-09 15:25:03,672 - INFO -   ✓ LR_config_3: 0.9998
2025-11-09 15:25:26,681 - INFO -   ✓ SVM_config_3: 0.9894
2025-11-09 15:25:26,884 - INFO - 
============================================================
2025-11-09 15:25:26,884 - INFO - ÉPOCA 39/50
2025-11-09 15:25:26,885 - INFO - ============================================================
2025-11-09 15:25:26,885 - INFO - Modelos activos: 2
2025-11-09 15:25:30,648 - INFO -   ✓ LR_config_3: 0.9998
2025-11-09 15:25:51,098 - INFO -   ✓ SVM_config_3: 0.9894
2025-11-09 15:25:51,295 - INFO - 
============================================================
2025-11-09 15:25:51,295 - INFO - ÉPOCA 40/50
2025-11-09 15:25:51,295 - INFO - ============================================================
2025-11-09 15:25:51,295 - INFO - Modelos activos: 2
2025-11-09 15:25:55,107 - INFO -   ✓ LR_config_3: 0.9998
2025-11-09 15:26:17,455 - INFO -   ✓ SVM_config_3: 0.9894
2025-11-09 15:26:17,665 - INFO - 
============================================================
2025-11-09 15:26:17,666 - INFO - ÉPOCA 41/50
2025-11-09 15:26:17,666 - INFO - ============================================================
2025-11-09 15:26:17,666 - INFO - Modelos activos: 2
2025-11-09 15:26:21,230 - INFO -   ✓ LR_config_3: 0.9998
2025-11-09 15:26:41,246 - INFO -   ✓ SVM_config_3: 0.9894
2025-11-09 15:26:41,428 - INFO - 
============================================================
2025-11-09 15:26:41,429 - INFO - ÉPOCA 42/50
2025-11-09 15:26:41,429 - INFO - ============================================================
2025-11-09 15:26:41,429 - INFO - Modelos activos: 2
2025-11-09 15:26:44,732 - INFO -   ✓ LR_config_3: 0.9998
2025-11-09 15:27:05,014 - INFO -   ✓ SVM_config_3: 0.9894
2025-11-09 15:27:05,209 - INFO - 
============================================================
2025-11-09 15:27:05,209 - INFO - ÉPOCA 43/50
2025-11-09 15:27:05,209 - INFO - ============================================================
2025-11-09 15:27:05,210 - INFO - Modelos activos: 2
2025-11-09 15:27:09,203 - INFO -   ✓ LR_config_3: 0.9998
2025-11-09 15:27:29,435 - INFO -   ✓ SVM_config_3: 0.9894
2025-11-09 15:27:29,627 - INFO - 
============================================================
2025-11-09 15:27:29,627 - INFO - ÉPOCA 44/50
2025-11-09 15:27:29,628 - INFO - ============================================================
2025-11-09 15:27:29,628 - INFO - Modelos activos: 2
2025-11-09 15:27:33,034 - INFO -   ✓ LR_config_3: 0.9998
2025-11-09 15:27:58,021 - INFO -   ✓ SVM_config_3: 0.9894
2025-11-09 15:27:58,291 - INFO - 
============================================================
2025-11-09 15:27:58,292 - INFO - ÉPOCA 45/50
2025-11-09 15:27:58,292 - INFO - ============================================================
2025-11-09 15:27:58,292 - INFO - Modelos activos: 2
2025-11-09 15:28:02,496 - INFO -   ✓ LR_config_3: 0.9998
2025-11-09 15:28:28,239 - INFO -   ✓ SVM_config_3: 0.9894
2025-11-09 15:28:28,481 - INFO - 
============================================================
2025-11-09 15:28:28,481 - INFO - ÉPOCA 46/50
2025-11-09 15:28:28,481 - INFO - ============================================================
2025-11-09 15:28:28,482 - INFO - Modelos activos: 2
2025-11-09 15:28:32,296 - INFO -   ✓ LR_config_3: 0.9998
2025-11-09 15:28:56,421 - INFO -   ✓ SVM_config_3: 0.9894
2025-11-09 15:28:56,637 - INFO - 
============================================================
2025-11-09 15:28:56,638 - INFO - ÉPOCA 47/50
2025-11-09 15:28:56,638 - INFO - ============================================================
2025-11-09 15:28:56,638 - INFO - Modelos activos: 2
2025-11-09 15:29:00,096 - INFO -   ✓ LR_config_3: 0.9998
2025-11-09 15:29:21,583 - INFO -   ✓ SVM_config_3: 0.9894
2025-11-09 15:29:21,773 - INFO - 
============================================================
2025-11-09 15:29:21,774 - INFO - ÉPOCA 48/50
2025-11-09 15:29:21,774 - INFO - ============================================================
2025-11-09 15:29:21,774 - INFO - Modelos activos: 2
2025-11-09 15:29:25,848 - INFO -   ✓ LR_config_3: 0.9998
2025-11-09 15:29:47,676 - INFO -   ✓ SVM_config_3: 0.9894
2025-11-09 15:29:47,901 - INFO - 
============================================================
2025-11-09 15:29:47,901 - INFO - ÉPOCA 49/50
2025-11-09 15:29:47,901 - INFO - ============================================================
2025-11-09 15:29:47,901 - INFO - Modelos activos: 2
2025-11-09 15:29:51,754 - INFO -   ✓ LR_config_3: 0.9998
2025-11-09 15:30:12,217 - INFO -   ✓ SVM_config_3: 0.9894
2025-11-09 15:30:12,441 - INFO - 
============================================================
2025-11-09 15:30:12,441 - INFO - ÉPOCA 50/50
2025-11-09 15:30:12,441 - INFO - ============================================================
2025-11-09 15:30:12,442 - INFO - Modelos activos: 2
2025-11-09 15:30:16,434 - INFO -   ✓ LR_config_3: 0.9998
2025-11-09 15:30:39,075 - INFO -   ✓ SVM_config_3: 0.9894
2025-11-09 15:30:39,279 - INFO - 
============================================================
2025-11-09 15:30:39,279 - INFO - MODELOS FINALES SELECCIONADOS
2025-11-09 15:30:39,279 - INFO - ============================================================
2025-11-09 15:30:39,280 - INFO - 1. LR_config_3: 0.9998
2025-11-09 15:30:39,280 - INFO - 2. SVM_config_3: 0.9894
2025-11-09 15:30:39,294 - INFO - 
============================================================
2025-11-09 15:30:39,294 - INFO - PROGRESO DEL ENTRENAMIENTO
2025-11-09 15:30:39,294 - INFO - ============================================================
2025-11-09 15:30:39,295 - INFO - 
LR_config_1 (✗ Eliminado):
2025-11-09 15:30:39,295 - INFO -   Épocas entrenadas: 1
2025-11-09 15:30:39,295 - INFO -   Accuracy inicial: 0.9894
2025-11-09 15:30:39,295 - INFO -   Accuracy final: 0.9894
2025-11-09 15:30:39,295 - INFO -   Mejora: 0.0000
2025-11-09 15:30:39,296 - INFO -   Tiempo total: 3.10s
2025-11-09 15:30:39,296 - INFO - 
LR_config_2 (✗ Eliminado):
2025-11-09 15:30:39,296 - INFO -   Épocas entrenadas: 1
2025-11-09 15:30:39,296 - INFO -   Accuracy inicial: 0.9356
2025-11-09 15:30:39,297 - INFO -   Accuracy final: 0.9356
2025-11-09 15:30:39,297 - INFO -   Mejora: 0.0000
2025-11-09 15:30:39,297 - INFO -   Tiempo total: 43.29s
2025-11-09 15:30:39,297 - INFO - 
LR_config_3 (✓ Activo):
2025-11-09 15:30:39,298 - INFO -   Épocas entrenadas: 1
2025-11-09 15:30:39,298 - INFO -   Accuracy inicial: 0.9998
2025-11-09 15:30:39,298 - INFO -   Accuracy final: 0.9998
2025-11-09 15:30:39,298 - INFO -   Mejora: 0.0000
2025-11-09 15:30:39,299 - INFO -   Tiempo total: 1.80s
2025-11-09 15:30:39,299 - INFO - 
SVM_config_1 (✗ Eliminado):
2025-11-09 15:30:39,299 - INFO -   Épocas entrenadas: 1
2025-11-09 15:30:39,299 - INFO -   Accuracy inicial: 0.9654
2025-11-09 15:30:39,299 - INFO -   Accuracy final: 0.9654
2025-11-09 15:30:39,299 - INFO -   Mejora: 0.0000
2025-11-09 15:30:39,300 - INFO -   Tiempo total: 11.66s
2025-11-09 15:30:39,300 - INFO - 
SVM_config_2 (✗ Eliminado):
2025-11-09 15:30:39,300 - INFO -   Épocas entrenadas: 1
2025-11-09 15:30:39,300 - INFO -   Accuracy inicial: 0.9071
2025-11-09 15:30:39,300 - INFO -   Accuracy final: 0.9071
2025-11-09 15:30:39,300 - INFO -   Mejora: 0.0000
2025-11-09 15:30:39,301 - INFO -   Tiempo total: 7.55s
2025-11-09 15:30:39,301 - INFO - 
SVM_config_3 (✓ Activo):
2025-11-09 15:30:39,301 - INFO -   Épocas entrenadas: 1
2025-11-09 15:30:39,301 - INFO -   Accuracy inicial: 0.9894
2025-11-09 15:30:39,301 - INFO -   Accuracy final: 0.9894
2025-11-09 15:30:39,301 - INFO -   Mejora: 0.0000
2025-11-09 15:30:39,301 - INFO -   Tiempo total: 6.99s
2025-11-09 15:30:39,301 - INFO - 
============================================================
2025-11-09 15:30:39,302 - INFO - EVALUACIÓN EN CONJUNTO DE TEST
2025-11-09 15:30:39,302 - INFO - ============================================================
2025-11-09 15:30:39,302 - INFO - 
1. LR_config_3
2025-11-09 15:30:39,302 - INFO -    Tipo: logistic_regression
2025-11-09 15:30:39,302 - INFO -    Configuración: {'name': 'LR_config_3', 'max_iter': 1000, 'C': 10.0, 'solver': 'lbfgs', 'learning_rate': 0.1}
2025-11-09 15:30:39,303 - INFO -    Accuracy en train: 0.9998
2025-11-09 15:30:39,316 - INFO - 
   Métricas en test:
2025-11-09 15:30:39,316 - INFO -    - Accuracy:  0.8737
2025-11-09 15:30:39,316 - INFO -    - Precision: 0.8736
2025-11-09 15:30:39,316 - INFO -    - Recall:    0.8737
2025-11-09 15:30:39,316 - INFO -    - F1-Score:  0.8733
2025-11-09 15:30:39,317 - INFO -    - Tiempo predicción: 0.0050s
2025-11-09 15:30:39,317 - INFO - 
2. SVM_config_3
2025-11-09 15:30:39,317 - INFO -    Tipo: svm
2025-11-09 15:30:39,317 - INFO -    Configuración: {'name': 'SVM_config_3', 'C': 10.0, 'kernel': 'rbf', 'gamma': 'auto', 'max_iter': 1000}
2025-11-09 15:30:39,317 - INFO -    Accuracy en train: 0.9894
2025-11-09 15:30:42,865 - INFO - 
   Métricas en test:
2025-11-09 15:30:42,865 - INFO -    - Accuracy:  0.9467
2025-11-09 15:30:42,865 - INFO -    - Precision: 0.9468
2025-11-09 15:30:42,865 - INFO -    - Recall:    0.9467
2025-11-09 15:30:42,865 - INFO -    - F1-Score:  0.9465
2025-11-09 15:30:42,866 - INFO -    - Tiempo predicción: 3.5420s
2025-11-09 15:30:42,866 - INFO - 
============================================================
2025-11-09 15:30:42,866 - INFO - ANÁLISIS DE HIPERPARÁMETROS
2025-11-09 15:30:42,866 - INFO - ============================================================
2025-11-09 15:30:42,866 - INFO - 
REGRESIÓN LOGÍSTICA:
- C (regularización): Valores más altos (menos regularización) pueden mejorar
  el ajuste en datos complejos, pero aumentan el riesgo de overfitting.
- solver: 'lbfgs' es eficiente para datasets pequeños/medianos, 'saga' 
  soporta regularización L1 y es mejor para datasets grandes.
- learning_rate: Afecta la velocidad de convergencia. Valores muy altos
  pueden causar inestabilidad, valores muy bajos ralentizan el entrenamiento.

SVM:
- C (parámetro de penalización): Controla el trade-off entre margen y
  errores de clasificación. C alto = menos errores pero margen pequeño.
- kernel: 'rbf' captura relaciones no lineales, 'linear' es más simple
  y rápido para datos linealmente separables.
- gamma: Controla la influencia de cada punto de entrenamiento. Valores
  altos pueden causar overfitting.

OBSERVACIONES DE LOS RESULTADOS:
    
2025-11-09 15:30:42,867 - INFO - 
LR_config_3 (logistic_regression):
2025-11-09 15:30:42,867 - INFO -   Accuracy: 0.8737
2025-11-09 15:30:42,867 - INFO -   F1-Score: 0.8733
2025-11-09 15:30:42,867 - INFO -   - C=10.0: Baja regularización, mayor capacidad
2025-11-09 15:30:42,868 - INFO -   - Solver: lbfgs
2025-11-09 15:30:42,868 - INFO - 
SVM_config_3 (svm):
2025-11-09 15:30:42,868 - INFO -   Accuracy: 0.9467
2025-11-09 15:30:42,868 - INFO -   F1-Score: 0.9465
2025-11-09 15:30:42,868 - INFO -   - Kernel=rbf, C=10.0
2025-11-09 15:30:42,868 - INFO -     Configuración compleja
2025-11-09 15:30:42,868 - INFO - 
============================================================
2025-11-09 15:30:42,869 - INFO - EJECUCIÓN COMPLETADA EXITOSAMENTE
2025-11-09 15:30:42,869 - INFO - Log guardado en: logs\supervisado_20251109_150141.log
2025-11-09 15:30:42,869 - INFO - ============================================================
